<?xml version="1.0" encoding="UTF-8"?>
<!-- Generated by org.testng.reporters.JUnitXMLReporter -->
<testsuite ignored="6" hostname="Monkey-D-Luffy" failures="0" tests="22" name="Identify New Bikes Test Automation" time="46.39" errors="0" timestamp="2023-01-21T20:50:07 IST">
  <testcase classname="upcomingBikes.UpcomingBikesTest" name="hoverBoxMenu" time="1.119"/>
  <testcase classname="upcomingBikes.UpcomingBikesTest" name="upcomingBikesButton" time="4.932"/>
  <testcase classname="upcomingBikes.UpcomingBikesTest" name="manufacturerDropdown" time="0.457"/>
  <testcase classname="upcomingBikes.UpcomingBikesTest" name="selectBrand" time="4.023"/>
  <testcase classname="upcomingBikes.UpcomingBikesTest" name="viewMoreButton" time="1.115"/>
  <testcase classname="upcomingBikes.UpcomingBikesTest" name="displayUpcomingBikes" time="1.668"/>
  <testcase classname="upcomingBikes.UpcomingBikesTest" name="upcomingBikesToHomepage" time="4.583"/>
  <testcase classname="usedCars.UsedCarsTest" name="hoverTest" time="1.026"/>
  <testcase classname="usedCars.UsedCarsTest" name="usedCarsChennaiClick" time="2.826"/>
  <testcase classname="usedCars.UsedCarsTest" name="popularCarsDisplayed" time="1.096"/>
  <testcase classname="usedCars.UsedCarsTest" name="usedCarsToHomepage" time="3.448"/>
  <testcase classname="invalidLogin.InvalidLoginTest" name="loginButton" time="1.504"/>
  <testcase classname="invalidLogin.InvalidLoginTest" name="continueWithGoogle" time="5.069"/>
  <testcase classname="invalidLogin.InvalidLoginTest" name="emailTextBox" time="0.606"/>
  <testcase classname="invalidLogin.InvalidLoginTest" name="invalidEmailOrPhone" time="0.733"/>
  <testcase classname="invalidLogin.InvalidLoginTest" name="invalidEmailOrPhone" time="0.701"/>
  <testcase classname="invalidLogin.InvalidLoginTest" name="invalidEmailOrPhone" time="0.616"/>
  <testcase classname="invalidLogin.InvalidLoginTest" name="invalidEmailOrPhone" time="0.594"/>
  <testcase classname="invalidLogin.InvalidLoginTest" name="invalidEmailOrPhone" time="0.905"/>
  <testcase classname="invalidLogin.InvalidLoginTest" name="validEmail" time="0.471"/>
  <testcase classname="invalidLogin.InvalidLoginTest" name="passwordTextBox" time="1.957"/>
  <testcase classname="invalidLogin.InvalidLoginTest" name="invalidPassword" time="1.0"/>
  <testcase classname="baseClass.BaseClass" name="@BeforeSuite openUrl" time="0.0">
    <ignored/>
  </testcase> <!-- @BeforeSuite openUrl -->
  <testcase classname="baseClass.BaseClass" name="@AfterSuite closeDriver" time="0.0">
    <ignored/>
  </testcase> <!-- @AfterSuite closeDriver -->
  <testcase classname="baseClass.BaseClass" name="@BeforeSuite openUrl" time="0.0">
    <ignored/>
  </testcase> <!-- @BeforeSuite openUrl -->
  <testcase classname="baseClass.BaseClass" name="@BeforeSuite configuration" time="0.0">
    <ignored/>
  </testcase> <!-- @BeforeSuite configuration -->
  <testcase classname="baseClass.BaseClass" name="@AfterSuite closeDriver" time="0.0">
    <ignored/>
  </testcase> <!-- @AfterSuite closeDriver -->
  <testcase classname="baseClass.BaseClass" name="@BeforeSuite configuration" time="0.0">
    <ignored/>
  </testcase> <!-- @BeforeSuite configuration -->
</testsuite> <!-- Identify New Bikes Test Automation -->
